<?xml version="1.0" encoding="UTF-8"?>
<!-- Generated by org.testng.reporters.JUnitReportReporter -->
<testsuite hostname="LAPTOP-8GM7S38Q" failures="0" tests="2" name="AttributesOfTestAnnotation.dependsOnMethods" time="0.009" errors="0" timestamp="2024-01-13T19:59:48 IST" skipped="0">
  <testcase classname="AttributesOfTestAnnotation.dependsOnMethods" name="a" time="0.001"/>
  <testcase classname="AttributesOfTestAnnotation.dependsOnMethods" name="b" time="0.008"/>
</testsuite> <!-- AttributesOfTestAnnotation.dependsOnMethods -->
