<?xml version="1.0" encoding="UTF-8"?>
<!-- Generated by org.testng.reporters.JUnitReportReporter -->
<testsuite hostname="LAPTOP-8GM7S38Q" failures="0" tests="1" name="IncludeExclude.includeExcludeClass" time="0.008" errors="0" timestamp="2024-01-13T17:30:22 IST" skipped="0">
  <testcase classname="IncludeExclude.includeExcludeClass" name="method2" time="0.008"/>
</testsuite> <!-- IncludeExclude.includeExcludeClass -->
