<?xml version="1.0" encoding="UTF-8"?>
<!-- Generated by org.testng.reporters.JUnitReportReporter -->
<testsuite hostname="LAPTOP-8GM7S38Q" failures="0" tests="5" name="groups.groups1" time="0.014" errors="0" timestamp="2024-01-13T17:30:13 IST" skipped="0">
  <testcase classname="groups.groups1" name="method3" time="0.001"/>
  <testcase classname="groups.groups1" name="method1" time="0.011"/>
  <testcase classname="groups.groups1" name="method2" time="0.000"/>
  <testcase classname="groups.groups1" name="method4" time="0.001"/>
  <testcase classname="groups.groups1" name="method5" time="0.001"/>
</testsuite> <!-- groups.groups1 -->
