<?xml version="1.0" encoding="UTF-8"?>
<!-- Generated by org.testng.reporters.JUnitReportReporter -->
<testsuite hostname="LAPTOP-8GM7S38Q" failures="0" tests="4" name="AttributesOfTestAnnotation.priority" time="0.017" errors="0" timestamp="2024-01-07T10:36:33 IST" skipped="0">
  <testcase classname="AttributesOfTestAnnotation.priority" name="method4" time="0.013"/>
  <testcase classname="AttributesOfTestAnnotation.priority" name="method3" time="0.002"/>
  <testcase classname="AttributesOfTestAnnotation.priority" name="method2" time="0.001"/>
  <testcase classname="AttributesOfTestAnnotation.priority" name="method1" time="0.001"/>
</testsuite> <!-- AttributesOfTestAnnotation.priority -->
