<?xml version="1.0" encoding="UTF-8"?>
<!-- Generated by org.testng.reporters.JUnitReportReporter -->
<testsuite hostname="LAPTOP-8GM7S38Q" failures="0" tests="1" name="groups.groups2" time="0.001" errors="0" timestamp="2024-01-07T11:05:14 IST" skipped="0">
  <testcase classname="groups.groups2" name="method5" time="0.001"/>
</testsuite> <!-- groups.groups2 -->
