<?xml version="1.0" encoding="UTF-8"?>
<!-- Generated by org.testng.reporters.JUnitReportReporter -->
<testsuite hostname="LAPTOP-8GM7S38Q" failures="0" tests="2" name="groups.groups" time="0.009" errors="0" timestamp="2024-01-06T23:13:03 IST" skipped="0">
  <testcase classname="groups.groups" name="method1" time="0.008"/>
  <testcase classname="groups.groups" name="method5" time="0.001"/>
</testsuite> <!-- groups.groups -->
