<?xml version="1.0" encoding="UTF-8"?>
<!-- Generated by org.testng.reporters.JUnitReportReporter -->
<testsuite hostname="LAPTOP-8GM7S38Q" failures="0" tests="1" name="AttributesOfTestAnnotation.timeOut" time="0.014" errors="0" timestamp="2024-01-07T10:37:31 IST" skipped="0">
  <testcase classname="AttributesOfTestAnnotation.timeOut" name="method1" time="0.014"/>
</testsuite> <!-- AttributesOfTestAnnotation.timeOut -->
