<?xml version="1.0" encoding="UTF-8"?>
<!-- Generated by org.testng.reporters.JUnitReportReporter -->
<testsuite hostname="LAPTOP-8GM7S38Q" failures="0" tests="1" name="AttributesOfTestAnnotation.TestAnnotationAttributes1" time="0.015" errors="0" timestamp="2024-01-06T22:04:44 IST" skipped="0">
  <testcase classname="AttributesOfTestAnnotation.TestAnnotationAttributes1" name="method1" time="0.015"/>
</testsuite> <!-- AttributesOfTestAnnotation.TestAnnotationAttributes1 -->
