<?xml version="1.0" encoding="UTF-8"?>
<!-- Generated by org.testng.reporters.JUnitReportReporter -->
<testsuite hostname="LAPTOP-8GM7S38Q" failures="0" tests="4" name="AttributesOfTestAnnotation.priorityNegativeValues" time="0.015" errors="0" timestamp="2024-01-13T17:29:39 IST" skipped="0">
  <testcase classname="AttributesOfTestAnnotation.priorityNegativeValues" name="method4" time="0.009"/>
  <testcase classname="AttributesOfTestAnnotation.priorityNegativeValues" name="method3" time="0.001"/>
  <testcase classname="AttributesOfTestAnnotation.priorityNegativeValues" name="method2" time="0.000"/>
  <testcase classname="AttributesOfTestAnnotation.priorityNegativeValues" name="method1" time="0.005"/>
</testsuite> <!-- AttributesOfTestAnnotation.priorityNegativeValues -->
