<?xml version="1.0" encoding="UTF-8"?>
<!-- Generated by org.testng.reporters.JUnitReportReporter -->
<testsuite hostname="LAPTOP-8GM7S38Q" failures="0" tests="2" name="parallelExecution.parallelExecution" time="1.585" errors="0" timestamp="2024-01-13T17:30:30 IST" skipped="0">
  <testcase classname="parallelExecution.parallelExecution" name="getMethod_1" time="1.404"/>
  <testcase classname="parallelExecution.parallelExecution" name="getMethod_2" time="0.181"/>
</testsuite> <!-- parallelExecution.parallelExecution -->
