<?xml version="1.0" encoding="UTF-8"?>
<!-- Generated by org.testng.reporters.JUnitReportReporter -->
<testsuite hostname="LAPTOP-8GM7S38Q" failures="0" tests="2" name="BeforeAfter.beforeAfterClass" time="0.008" errors="0" timestamp="2024-01-13T17:29:57 IST" skipped="0">
  <testcase classname="BeforeAfter.beforeAfterClass" name="method10" time="0.003"/>
  <testcase classname="BeforeAfter.beforeAfterClass" name="method1" time="0.005"/>
</testsuite> <!-- BeforeAfter.beforeAfterClass -->
