<?xml version="1.0" encoding="UTF-8"?>
<!-- Generated by org.testng.reporters.JUnitReportReporter -->
<testsuite hostname="LAPTOP-8GM7S38Q" failures="0" tests="2" name="linkTestNGwithMaven.linkTestNGwithMaven" time="2.316" errors="0" timestamp="2024-01-13T20:11:47 IST" skipped="0">
  <testcase classname="linkTestNGwithMaven.linkTestNGwithMaven" name="getMethod_2" time="0.526"/>
  <testcase classname="linkTestNGwithMaven.linkTestNGwithMaven" name="getMethod_1" time="1.790"/>
</testsuite> <!-- linkTestNGwithMaven.linkTestNGwithMaven -->
