<?xml version="1.0" encoding="UTF-8"?>
<!-- Generated by org.testng.reporters.JUnitReportReporter -->
<testsuite hostname="LAPTOP-8GM7S38Q" failures="0" tests="4" name="dataProvider.dataProvider" time="2.437" errors="0" timestamp="2024-01-13T17:30:07 IST" skipped="0">
  <testcase classname="dataProvider.dataProvider" name="dptest" time="0.006"/>
  <testcase classname="dataProvider.dataProvider" name="dptest" time="0.001"/>
  <testcase classname="dataProvider.dataProvider" name="createUser" time="1.708"/>
  <testcase classname="dataProvider.dataProvider" name="createUser" time="0.722"/>
</testsuite> <!-- dataProvider.dataProvider -->
