<?xml version="1.0" encoding="UTF-8"?>
<!-- Generated by org.testng.reporters.JUnitReportReporter -->
<testsuite hostname="LAPTOP-8GM7S38Q" failures="0" tests="5" name="AttributesOfTestAnnotation.invocationCount" time="0.016" errors="0" timestamp="2024-01-07T10:30:34 IST" skipped="0">
  <testcase classname="AttributesOfTestAnnotation.invocationCount" name="method1" time="0.002"/>
  <testcase classname="AttributesOfTestAnnotation.invocationCount" name="method1" time="0.002"/>
  <testcase classname="AttributesOfTestAnnotation.invocationCount" name="method1" time="0.001"/>
  <testcase classname="AttributesOfTestAnnotation.invocationCount" name="method1" time="0.010"/>
  <testcase classname="AttributesOfTestAnnotation.invocationCount" name="method1" time="0.001"/>
</testsuite> <!-- AttributesOfTestAnnotation.invocationCount -->
