<?xml version="1.0" encoding="UTF-8"?>
<!-- Generated by org.testng.reporters.JUnitReportReporter -->
<testsuite hostname="LAPTOP-8GM7S38Q" failures="0" tests="2" name="Test.TestAnnotation" time="0.010" errors="0" timestamp="2024-01-13T14:27:53 IST" skipped="0">
  <testcase classname="Test.TestAnnotation" name="Method2" time="0.002"/>
  <testcase classname="Test.TestAnnotation" name="Method1" time="0.008"/>
</testsuite> <!-- Test.TestAnnotation -->
